INFO:root:moving from: C:/Users/davidhunschersr/Desktop/OHI\Allen Park\2013-005\2018\2018 PPS - OHI1.pdf 
 To: C:/Users/davidhunschersr/Desktop/OHIGather/2018PPS\Allen Park\2013-005\2018\2018 PPS - OHI1.pdf
INFO:root:moving from: C:/Users/davidhunschersr/Desktop/OHI\Allen Park\2013-022\2018\2018 PPS - OHI2.pdf 
 To: C:/Users/davidhunschersr/Desktop/OHIGather/2018PPS\Allen Park\2013-022\2018\2018 PPS - OHI2.pdf
INFO:root:moving from: C:/Users/davidhunschersr/Desktop/OHI\Allen Park\2015-104\2018\2018 PPS - OHI3.pdf 
 To: C:/Users/davidhunschersr/Desktop/OHIGather/2018PPS\Allen Park\2015-104\2018\2018 PPS - OHI3.pdf
INFO:root:moving from: C:/Users/davidhunschersr/Desktop/OHI\Allen Park\2893-099\2018\2018 PPS - OHI4.pdf 
 To: C:/Users/davidhunschersr/Desktop/OHIGather/2018PPS\Allen Park\2893-099\2018\2018 PPS - OHI4.pdf
INFO:root:moving from: C:/Users/davidhunschersr/Desktop/OHI\Allen Park\2994-000\2018\2018 PPS - OHI5.pdf 
 To: C:/Users/davidhunschersr/Desktop/OHIGather/2018PPS\Allen Park\2994-000\2018\2018 PPS - OHI5.pdf
INFO:root:moving from: C:/Users/davidhunschersr/Desktop/OHI\Allen Park\2995-000\2018\2018 PPS - OHI6.pdf 
 To: C:/Users/davidhunschersr/Desktop/OHIGather/2018PPS\Allen Park\2995-000\2018\2018 PPS - OHI6.pdf
INFO:root:moving from: C:/Users/davidhunschersr/Desktop/OHI\Allen Park\2997-000\2018\2018 PPS - OHI7.pdf 
 To: C:/Users/davidhunschersr/Desktop/OHIGather/2018PPS\Allen Park\2997-000\2018\2018 PPS - OHI7.pdf
INFO:root:moving from: C:/Users/davidhunschersr/Desktop/OHI\Brownstown\0130-012\2018\2018 PPS - OHI.pdf 
 To: C:/Users/davidhunschersr/Desktop/OHIGather/2018PPS\Brownstown\0130-012\2018\2018 PPS - OHI.pdf
INFO:root:moving from: C:/Users/davidhunschersr/Desktop/OHI\Canton\1350-500\2018\2018 PPS - OHI1.pdf 
 To: C:/Users/davidhunschersr/Desktop/OHIGather/2018PPS\Canton\1350-500\2018\2018 PPS - OHI1.pdf
INFO:root:moving from: C:/Users/davidhunschersr/Desktop/OHI\Canton\1351-000\2018\2018 PPS - OHI2.pdf 
 To: C:/Users/davidhunschersr/Desktop/OHIGather/2018PPS\Canton\1351-000\2018\2018 PPS - OHI2.pdf
INFO:root:moving from: C:/Users/davidhunschersr/Desktop/OHI\Canton\1351-500\2018\2018 PPS - OHI3.pdf 
 To: C:/Users/davidhunschersr/Desktop/OHIGather/2018PPS\Canton\1351-500\2018\2018 PPS - OHI3.pdf
INFO:root:moving from: C:/Users/davidhunschersr/Desktop/OHI\Canton\2004-191\2018\2018 PPS - OHI4.pdf 
 To: C:/Users/davidhunschersr/Desktop/OHIGather/2018PPS\Canton\2004-191\2018\2018 PPS - OHI4.pdf
INFO:root:moving from: C:/Users/davidhunschersr/Desktop/OHI\Canton\2005-117\2018\2018 PPS - OHI5.pdf 
 To: C:/Users/davidhunschersr/Desktop/OHIGather/2018PPS\Canton\2005-117\2018\2018 PPS - OHI5.pdf
INFO:root:moving from: C:/Users/davidhunschersr/Desktop/OHI\Canton\2007-007\2018\2018 PPS - OHI6.pdf 
 To: C:/Users/davidhunschersr/Desktop/OHIGather/2018PPS\Canton\2007-007\2018\2018 PPS - OHI6.pdf
INFO:root:moving from: C:/Users/davidhunschersr/Desktop/OHI\Canton\2007-018\2018\2018 PPS - OHI7.pdf 
 To: C:/Users/davidhunschersr/Desktop/OHIGather/2018PPS\Canton\2007-018\2018\2018 PPS - OHI7.pdf
INFO:root:moving from: C:/Users/davidhunschersr/Desktop/OHI\Canton\2007-093\2018\2018 PPS - OHI8.pdf 
 To: C:/Users/davidhunschersr/Desktop/OHIGather/2018PPS\Canton\2007-093\2018\2018 PPS - OHI8.pdf
INFO:root:moving from: C:/Users/davidhunschersr/Desktop/OHI\Canton\2008-107\2018\2018 PPS - OHI9.pdf 
 To: C:/Users/davidhunschersr/Desktop/OHIGather/2018PPS\Canton\2008-107\2018\2018 PPS - OHI9.pdf
INFO:root:moving from: C:/Users/davidhunschersr/Desktop/OHI\Canton\2010-056\2018\2018 PPS - OHI10.pdf 
 To: C:/Users/davidhunschersr/Desktop/OHIGather/2018PPS\Canton\2010-056\2018\2018 PPS - OHI10.pdf
INFO:root:moving from: C:/Users/davidhunschersr/Desktop/OHI\Canton\2011-088\2018\2018 PPS - OHI11.pdf 
 To: C:/Users/davidhunschersr/Desktop/OHIGather/2018PPS\Canton\2011-088\2018\2018 PPS - OHI11.pdf
INFO:root:moving from: C:/Users/davidhunschersr/Desktop/OHI\Canton\2011-096\2018\2018 PPS - OHI12.pdf 
 To: C:/Users/davidhunschersr/Desktop/OHIGather/2018PPS\Canton\2011-096\2018\2018 PPS - OHI12.pdf
INFO:root:moving from: C:/Users/davidhunschersr/Desktop/OHI\Canton\2011-166\2018\2018 PPS - OHI13.pdf 
 To: C:/Users/davidhunschersr/Desktop/OHIGather/2018PPS\Canton\2011-166\2018\2018 PPS - OHI13.pdf
INFO:root:moving from: C:/Users/davidhunschersr/Desktop/OHI\Eastpointe\010-00\2018\2018 PPS - OHI.pdf 
 To: C:/Users/davidhunschersr/Desktop/OHIGather/2018PPS\Eastpointe\010-00\2018\2018 PPS - OHI.pdf
INFO:root:moving from: C:/Users/davidhunschersr/Desktop/OHI\Flat Rock\1337-010\2018\2018 PPS - OHI.pdf 
 To: C:/Users/davidhunschersr/Desktop/OHIGather/2018PPS\Flat Rock\1337-010\2018\2018 PPS - OHI.pdf
INFO:root:moving from: C:/Users/davidhunschersr/Desktop/OHI\Riverview\0942-099\2018\2018 PPS - OHI1.pdf 
 To: C:/Users/davidhunschersr/Desktop/OHIGather/2018PPS\Riverview\0942-099\2018\2018 PPS - OHI1.pdf
INFO:root:moving from: C:/Users/davidhunschersr/Desktop/OHI\Riverview\1328-007\2018\2018 PPS - OHI2.pdf 
 To: C:/Users/davidhunschersr/Desktop/OHIGather/2018PPS\Riverview\1328-007\2018\2018 PPS - OHI2.pdf
INFO:root:moving from: C:/Users/davidhunschersr/Desktop/OHI\Romulus\1048-000\2018\2018 PPS - OHI1.pdf 
 To: C:/Users/davidhunschersr/Desktop/OHIGather/2018PPS\Romulus\1048-000\2018\2018 PPS - OHI1.pdf
INFO:root:moving from: C:/Users/davidhunschersr/Desktop/OHI\Romulus\4585-000\2018\2018 PPS - OHI2.pdf 
 To: C:/Users/davidhunschersr/Desktop/OHIGather/2018PPS\Romulus\4585-000\2018\2018 PPS - OHI2.pdf
INFO:root:moving from: C:/Users/davidhunschersr/Desktop/OHI\Southgate\3577-013\2018\2018 PPS - OHI.pdf 
 To: C:/Users/davidhunschersr/Desktop/OHIGather/2018PPS\Southgate\3577-013\2018\2018 PPS - OHI.pdf
INFO:root:moving from: C:/Users/davidhunschersr/Desktop/OHI\Taylor\7260-006\2018\2018 PPS - OHI1.pdf 
 To: C:/Users/davidhunschersr/Desktop/OHIGather/2018PPS\Taylor\7260-006\2018\2018 PPS - OHI1.pdf
INFO:root:moving from: C:/Users/davidhunschersr/Desktop/OHI\Taylor\8905-012\2018\2018 PPS - OHI2.pdf 
 To: C:/Users/davidhunschersr/Desktop/OHIGather/2018PPS\Taylor\8905-012\2018\2018 PPS - OHI2.pdf
INFO:root:moving from: C:/Users/davidhunschersr/Desktop/OHI\Trenton\1057-300\2018\2018 PPS - OHI2.pdf 
 To: C:/Users/davidhunschersr/Desktop/OHIGather/2018PPS\Trenton\1057-300\2018\2018 PPS - OHI2.pdf
INFO:root:moving from: C:/Users/davidhunschersr/Desktop/OHI\Trenton\1987-002\2018\2018 PPS - OHI1.pdf 
 To: C:/Users/davidhunschersr/Desktop/OHIGather/2018PPS\Trenton\1987-002\2018\2018 PPS - OHI1.pdf
INFO:root:moving from: C:/Users/davidhunschersr/Desktop/OHI\Trenton\2253-006\2018\bor\Exhibits\Exhibit C 2018 PPS.pdf 
 To: C:/Users/davidhunschersr/Desktop/OHIGather/2018PPS\Trenton\2253-006\2018\bor\Exhibits\Exhibit C 2018 PPS.pdf
INFO:root:moving from: C:/Users/davidhunschersr/Desktop/OHI\Trenton\2253-006\2018\bor\Exhibits 2\Exhibit C 2018 PPS.pdf 
 To: C:/Users/davidhunschersr/Desktop/OHIGather/2018PPS\Trenton\2253-006\2018\bor\Exhibits 2\Exhibit C 2018 PPS.pdf
INFO:root:moving from: C:/Users/davidhunschersr/Desktop/OHI\Trenton\2253-006\2018\pps\2018 PPS - OHI3.pdf 
 To: C:/Users/davidhunschersr/Desktop/OHIGather/2018PPS\Trenton\2253-006\2018\pps\2018 PPS - OHI3.pdf
INFO:root:moving from: C:/Users/davidhunschersr/Desktop/OHI\Wayne\3210-000\2018\2018 PPS - OHI1.pdf 
 To: C:/Users/davidhunschersr/Desktop/OHIGather/2018PPS\Wayne\3210-000\2018\2018 PPS - OHI1.pdf
INFO:root:moving from: C:/Users/davidhunschersr/Desktop/OHI\Wayne\4273-000\2018\2018 PPS - OHI2.pdf 
 To: C:/Users/davidhunschersr/Desktop/OHIGather/2018PPS\Wayne\4273-000\2018\2018 PPS - OHI2.pdf
INFO:root:moving from: C:/Users/davidhunschersr/Desktop/OHI\Westland\2015-041\2018\pps\2018 PPS - OHI1.pdf 
 To: C:/Users/davidhunschersr/Desktop/OHIGather/2018PPS\Westland\2015-041\2018\pps\2018 PPS - OHI1.pdf
INFO:root:moving from: C:/Users/davidhunschersr/Desktop/OHI\Westland\2016-162\2018\2018 PPS - OHI2.pdf 
 To: C:/Users/davidhunschersr/Desktop/OHIGather/2018PPS\Westland\2016-162\2018\2018 PPS - OHI2.pdf
INFO:root:moving from: C:/Users/davidhunschersr/Desktop/OHI\Westland\4301-812\2018\2018 PPS - OHI3.pdf 
 To: C:/Users/davidhunschersr/Desktop/OHIGather/2018PPS\Westland\4301-812\2018\2018 PPS - OHI3.pdf
INFO:root:moving from: C:/Users/davidhunschersr/Desktop/OHI\Woodhaven\1021-002\2018\2018 PPS - OHI.pdf 
 To: C:/Users/davidhunschersr/Desktop/OHIGather/2018PPS\Woodhaven\1021-002\2018\2018 PPS - OHI.pdf
INFO:root:moved 41 files
